# JRE version: OpenJDK Runtime Environment Temurin-17.0.5+8 (17.0.5+8) (build 17.0.5+8)
# Java VM: OpenJDK 64-Bit Server VM Temurin-17.0.5+8 (17.0.5+8, mixed mode, emulated-client, tiered, compressed oops, compressed class ptrs, g1 gc, windows-amd64)
GC Precious Log:
 CPUs: 12 total, 12 available
 Memory: 20391M
 Large Page Support: Disabled
 NUMA Support: Disabled
 Compressed Oops: Enabled (Zero based)
 Heap Region Size: 4M
 Heap Min Capacity: 8M
 Heap Initial Capacity: 320M
 Heap Max Capacity: 5100M
 Pre-touch: Disabled
 Parallel Workers: 10
 Concurrent Workers: 3
 Concurrent Refinement Workers: 10
 Periodic GC: Disabled
Heap:
 garbage-first heap   total 425984K, used 125222K [0x00000006c1400000, 0x0000000800000000)
  region size 4096K, 6 young (24576K), 6 survivors (24576K)
 Metaspace       used 43758K, committed 44160K, reserved 1089536K
  class space    used 5496K, committed 5696K, reserved 1048576K
GC Heap History (20 events):
Event: 3.089 GC heap after
{Heap after GC invocations=14 (full 0):
 garbage-first heap   total 122880K, used 61913K [0x00000006c1400000, 0x0000000800000000)
  region size 4096K, 2 young (8192K), 2 survivors (8192K)
 Metaspace       used 40404K, committed 40896K, reserved 1089536K
  class space    used 5178K, committed 5376K, reserved 1048576K
}
Event: 3.134 GC heap before
{Heap before GC invocations=14 (full 0):
 garbage-first heap   total 122880K, used 78297K [0x00000006c1400000, 0x0000000800000000)
  region size 4096K, 7 young (28672K), 2 survivors (8192K)
 Metaspace       used 41493K, committed 41984K, reserved 1089536K
  class space    used 5259K, committed 5504K, reserved 1048576K
}
Event: 3.148 GC heap after
{Heap after GC invocations=15 (full 0):
 garbage-first heap   total 212992K, used 68444K [0x00000006c1400000, 0x0000000800000000)
  region size 4096K, 1 young (4096K), 1 survivors (4096K)
 Metaspace       used 41493K, committed 41984K, reserved 1089536K
  class space    used 5259K, committed 5504K, reserved 1048576K
}
Event: 3.206 GC heap before
{Heap before GC invocations=15 (full 0):
 garbage-first heap   total 212992K, used 129884K [0x00000006c1400000, 0x0000000800000000)
  region size 4096K, 17 young (69632K), 1 survivors (4096K)
 Metaspace       used 41551K, committed 42048K, reserved 1089536K
  class space    used 5269K, committed 5504K, reserved 1048576K
}
Event: 3.210 GC heap after
{Heap after GC invocations=16 (full 0):
 garbage-first heap   total 212992K, used 71559K [0x00000006c1400000, 0x0000000800000000)
  region size 4096K, 2 young (8192K), 2 survivors (8192K)
 Metaspace       used 41551K, committed 42048K, reserved 1089536K
  class space    used 5269K, committed 5504K, reserved 1048576K
}
Event: 3.249 GC heap before
{Heap before GC invocations=17 (full 0):
 garbage-first heap   total 212992K, used 141191K [0x00000006c1400000, 0x0000000800000000)
  region size 4096K, 20 young (81920K), 2 survivors (8192K)
 Metaspace       used 41619K, committed 42112K, reserved 1089536K
  class space    used 5273K, committed 5504K, reserved 1048576K
}
Event: 3.255 GC heap after
{Heap after GC invocations=18 (full 0):
 garbage-first heap   total 212992K, used 74737K [0x00000006c1400000, 0x0000000800000000)
  region size 4096K, 2 young (8192K), 2 survivors (8192K)
 Metaspace       used 41619K, committed 42112K, reserved 1089536K
  class space    used 5273K, committed 5504K, reserved 1048576K
}
Event: 3.274 GC heap before
{Heap before GC invocations=18 (full 0):
 garbage-first heap   total 212992K, used 148465K [0x00000006c1400000, 0x0000000800000000)
  region size 4096K, 21 young (86016K), 2 survivors (8192K)
 Metaspace       used 41768K, committed 42240K, reserved 1089536K
  class space    used 5290K, committed 5504K, reserved 1048576K
}
Event: 3.278 GC heap after
{Heap after GC invocations=19 (full 0):
 garbage-first heap   total 212992K, used 77460K [0x00000006c1400000, 0x0000000800000000)
  region size 4096K, 3 young (12288K), 3 survivors (12288K)
 Metaspace       used 41768K, committed 42240K, reserved 1089536K
  class space    used 5290K, committed 5504K, reserved 1048576K
}
Event: 3.313 GC heap before
{Heap before GC invocations=19 (full 0):
 garbage-first heap   total 212992K, used 151188K [0x00000006c1400000, 0x0000000800000000)
  region size 4096K, 22 young (90112K), 3 survivors (12288K)
 Metaspace       used 42136K, committed 42624K, reserved 1089536K
  class space    used 5323K, committed 5568K, reserved 1048576K
}
Event: 3.317 GC heap after
{Heap after GC invocations=20 (full 0):
 garbage-first heap   total 212992K, used 80557K [0x00000006c1400000, 0x0000000800000000)
  region size 4096K, 3 young (12288K), 3 survivors (12288K)
 Metaspace       used 42136K, committed 42624K, reserved 1089536K
  class space    used 5323K, committed 5568K, reserved 1048576K
}
Event: 3.345 GC heap before
{Heap before GC invocations=20 (full 0):
 garbage-first heap   total 212992K, used 154285K [0x00000006c1400000, 0x0000000800000000)
  region size 4096K, 22 young (90112K), 3 survivors (12288K)
 Metaspace       used 42261K, committed 42752K, reserved 1089536K
  class space    used 5332K, committed 5568K, reserved 1048576K
}
Event: 3.351 GC heap after
{Heap after GC invocations=21 (full 0):
 garbage-first heap   total 425984K, used 84042K [0x00000006c1400000, 0x0000000800000000)
  region size 4096K, 3 young (12288K), 3 survivors (12288K)
 Metaspace       used 42261K, committed 42752K, reserved 1089536K
  class space    used 5332K, committed 5568K, reserved 1048576K
}
Event: 3.428 GC heap before
{Heap before GC invocations=21 (full 0):
 garbage-first heap   total 425984K, used 321610K [0x00000006c1400000, 0x0000000800000000)
  region size 4096K, 62 young (253952K), 3 survivors (12288K)
 Metaspace       used 42557K, committed 43008K, reserved 1089536K
  class space    used 5358K, committed 5568K, reserved 1048576K
}
Event: 3.437 GC heap after
{Heap after GC invocations=22 (full 0):
 garbage-first heap   total 425984K, used 93929K [0x00000006c1400000, 0x0000000800000000)
  region size 4096K, 5 young (20480K), 5 survivors (20480K)
 Metaspace       used 42557K, committed 43008K, reserved 1089536K
  class space    used 5358K, committed 5568K, reserved 1048576K
}
Event: 3.510 GC heap before
{Heap before GC invocations=22 (full 0):
 garbage-first heap   total 425984K, used 323305K [0x00000006c1400000, 0x0000000800000000)
  region size 4096K, 62 young (253952K), 5 survivors (20480K)
 Metaspace       used 42956K, committed 43392K, reserved 1089536K
  class space    used 5412K, committed 5632K, reserved 1048576K
}
Event: 3.524 GC heap after
{Heap after GC invocations=23 (full 0):
 garbage-first heap   total 425984K, used 103961K [0x00000006c1400000, 0x0000000800000000)
  region size 4096K, 7 young (28672K), 7 survivors (28672K)
 Metaspace       used 42956K, committed 43392K, reserved 1089536K
  class space    used 5412K, committed 5632K, reserved 1048576K
}
Event: 3.599 GC heap before
{Heap before GC invocations=23 (full 0):
 garbage-first heap   total 425984K, used 325145K [0x00000006c1400000, 0x0000000800000000)
  region size 4096K, 62 young (253952K), 7 survivors (28672K)
 Metaspace       used 43299K, committed 43712K, reserved 1089536K
  class space    used 5451K, committed 5632K, reserved 1048576K
}
Event: 3.611 GC heap after
{Heap after GC invocations=24 (full 0):
 garbage-first heap   total 425984K, used 112900K [0x00000006c1400000, 0x0000000800000000)
  region size 4096K, 5 young (20480K), 5 survivors (20480K)
 Metaspace       used 43299K, committed 43712K, reserved 1089536K
  class space    used 5451K, committed 5632K, reserved 1048576K
}
Event: 3.675 GC heap before
{Heap before GC invocations=24 (full 0):
 garbage-first heap   total 425984K, used 342276K [0x00000006c1400000, 0x0000000800000000)
  region size 4096K, 62 young (253952K), 5 survivors (20480K)
 Metaspace       used 43758K, committed 44160K, reserved 1089536K
  class space    used 5496K, committed 5696K, reserved 1048576K
}

