# JRE version: OpenJDK Runtime Environment Temurin-17.0.5+8 (17.0.5+8) (build 17.0.5+8)
# Java VM: OpenJDK 64-Bit Server VM Temurin-17.0.5+8 (17.0.5+8, mixed mode, emulated-client, tiered, compressed oops, compressed class ptrs, g1 gc, windows-amd64)
GC Precious Log:
 CPUs: 12 total, 12 available
 Memory: 20391M
 Large Page Support: Disabled
 NUMA Support: Disabled
 Compressed Oops: Enabled (Zero based)
 Heap Region Size: 4M
 Heap Min Capacity: 8M
 Heap Initial Capacity: 320M
 Heap Max Capacity: 5100M
 Pre-touch: Disabled
 Parallel Workers: 10
 Concurrent Workers: 3
 Concurrent Refinement Workers: 10
 Periodic GC: Disabled
Heap:
 garbage-first heap   total 786432K, used 193728K [0x00000006c1400000, 0x0000000800000000)
  region size 4096K, 10 young (40960K), 10 survivors (40960K)
 Metaspace       used 45839K, committed 46208K, reserved 1089536K
  class space    used 5921K, committed 6080K, reserved 1048576K
GC Heap History (20 events):
Event: 3.079 GC heap after
{Heap after GC invocations=15 (full 0):
 garbage-first heap   total 176128K, used 69487K [0x00000006c1400000, 0x0000000800000000)
  region size 4096K, 3 young (12288K), 3 survivors (12288K)
 Metaspace       used 41277K, committed 41728K, reserved 1089536K
  class space    used 5315K, committed 5504K, reserved 1048576K
}
Event: 3.102 GC heap before
{Heap before GC invocations=15 (full 0):
 garbage-first heap   total 176128K, used 114543K [0x00000006c1400000, 0x0000000800000000)
  region size 4096K, 15 young (61440K), 3 survivors (12288K)
 Metaspace       used 41320K, committed 41792K, reserved 1089536K
  class space    used 5322K, committed 5568K, reserved 1048576K
}
Event: 3.112 GC heap after
{Heap after GC invocations=16 (full 0):
 garbage-first heap   total 176128K, used 72364K [0x00000006c1400000, 0x0000000800000000)
  region size 4096K, 1 young (4096K), 1 survivors (4096K)
 Metaspace       used 41320K, committed 41792K, reserved 1089536K
  class space    used 5322K, committed 5568K, reserved 1048576K
}
Event: 3.130 GC heap before
{Heap before GC invocations=16 (full 0):
 garbage-first heap   total 176128K, used 121516K [0x00000006c1400000, 0x0000000800000000)
  region size 4096K, 14 young (57344K), 1 survivors (4096K)
 Metaspace       used 41482K, committed 41920K, reserved 1089536K
  class space    used 5348K, committed 5568K, reserved 1048576K
}
Event: 3.133 GC heap after
{Heap after GC invocations=17 (full 0):
 garbage-first heap   total 393216K, used 73850K [0x00000006c1400000, 0x0000000800000000)
  region size 4096K, 2 young (8192K), 2 survivors (8192K)
 Metaspace       used 41482K, committed 41920K, reserved 1089536K
  class space    used 5348K, committed 5568K, reserved 1048576K
}
Event: 3.199 GC heap before
{Heap before GC invocations=17 (full 0):
 garbage-first heap   total 393216K, used 241786K [0x00000006c1400000, 0x0000000800000000)
  region size 4096K, 44 young (180224K), 2 survivors (8192K)
 Metaspace       used 41779K, committed 42240K, reserved 1089536K
  class space    used 5384K, committed 5568K, reserved 1048576K
}
Event: 3.205 GC heap after
{Heap after GC invocations=18 (full 0):
 garbage-first heap   total 393216K, used 81128K [0x00000006c1400000, 0x0000000800000000)
  region size 4096K, 3 young (12288K), 3 survivors (12288K)
 Metaspace       used 41779K, committed 42240K, reserved 1089536K
  class space    used 5384K, committed 5568K, reserved 1048576K
}
Event: 3.267 GC heap before
{Heap before GC invocations=18 (full 0):
 garbage-first heap   total 393216K, used 294120K [0x00000006c1400000, 0x0000000800000000)
  region size 4096K, 56 young (229376K), 3 survivors (12288K)
 Metaspace       used 41945K, committed 42432K, reserved 1089536K
  class space    used 5402K, committed 5632K, reserved 1048576K
}
Event: 3.274 GC heap after
{Heap after GC invocations=19 (full 0):
 garbage-first heap   total 393216K, used 90177K [0x00000006c1400000, 0x0000000800000000)
  region size 4096K, 6 young (24576K), 6 survivors (24576K)
 Metaspace       used 41945K, committed 42432K, reserved 1089536K
  class space    used 5402K, committed 5632K, reserved 1048576K
}
Event: 3.340 GC heap before
{Heap before GC invocations=19 (full 0):
 garbage-first heap   total 393216K, used 294977K [0x00000006c1400000, 0x0000000800000000)
  region size 4096K, 57 young (233472K), 6 survivors (24576K)
 Metaspace       used 42156K, committed 42688K, reserved 1089536K
  class space    used 5441K, committed 5696K, reserved 1048576K
}
Event: 3.350 GC heap after
{Heap after GC invocations=20 (full 0):
 garbage-first heap   total 393216K, used 99026K [0x00000006c1400000, 0x0000000800000000)
  region size 4096K, 7 young (28672K), 7 survivors (28672K)
 Metaspace       used 42156K, committed 42688K, reserved 1089536K
  class space    used 5441K, committed 5696K, reserved 1048576K
}
Event: 3.417 GC heap before
{Heap before GC invocations=20 (full 0):
 garbage-first heap   total 393216K, used 299730K [0x00000006c1400000, 0x0000000800000000)
  region size 4096K, 57 young (233472K), 7 survivors (28672K)
 Metaspace       used 42971K, committed 43456K, reserved 1089536K
  class space    used 5530K, committed 5760K, reserved 1048576K
}
Event: 3.432 GC heap after
{Heap after GC invocations=21 (full 0):
 garbage-first heap   total 786432K, used 106864K [0x00000006c1400000, 0x0000000800000000)
  region size 4096K, 5 young (20480K), 5 survivors (20480K)
 Metaspace       used 42971K, committed 43456K, reserved 1089536K
  class space    used 5530K, committed 5760K, reserved 1048576K
}
Event: 3.596 GC heap before
{Heap before GC invocations=21 (full 0):
 garbage-first heap   total 786432K, used 553328K [0x00000006c1400000, 0x0000000800000000)
  region size 4096K, 115 young (471040K), 5 survivors (20480K)
 Metaspace       used 43326K, committed 43776K, reserved 1089536K
  class space    used 5584K, committed 5760K, reserved 1048576K
}
Event: 3.610 GC heap after
{Heap after GC invocations=22 (full 0):
 garbage-first heap   total 786432K, used 130447K [0x00000006c1400000, 0x0000000800000000)
  region size 4096K, 11 young (45056K), 11 survivors (45056K)
 Metaspace       used 43326K, committed 43776K, reserved 1089536K
  class space    used 5584K, committed 5760K, reserved 1048576K
}
Event: 3.923 GC heap before
{Heap before GC invocations=22 (full 0):
 garbage-first heap   total 786432K, used 552335K [0x00000006c1400000, 0x0000000800000000)
  region size 4096K, 115 young (471040K), 11 survivors (45056K)
 Metaspace       used 44480K, committed 44864K, reserved 1089536K
  class space    used 5755K, committed 5952K, reserved 1048576K
}
Event: 3.944 GC heap after
{Heap after GC invocations=23 (full 0):
 garbage-first heap   total 786432K, used 152828K [0x00000006c1400000, 0x0000000800000000)
  region size 4096K, 12 young (49152K), 12 survivors (49152K)
 Metaspace       used 44480K, committed 44864K, reserved 1089536K
  class space    used 5755K, committed 5952K, reserved 1048576K
}
Event: 4.349 GC heap before
{Heap before GC invocations=23 (full 0):
 garbage-first heap   total 786432K, used 570620K [0x00000006c1400000, 0x0000000800000000)
  region size 4096K, 115 young (471040K), 12 survivors (49152K)
 Metaspace       used 45208K, committed 45632K, reserved 1089536K
  class space    used 5855K, committed 6016K, reserved 1048576K
}
Event: 4.370 GC heap after
{Heap after GC invocations=24 (full 0):
 garbage-first heap   total 786432K, used 174497K [0x00000006c1400000, 0x0000000800000000)
  region size 4096K, 11 young (45056K), 11 survivors (45056K)
 Metaspace       used 45208K, committed 45632K, reserved 1089536K
  class space    used 5855K, committed 6016K, reserved 1048576K
}
Event: 4.754 GC heap before
{Heap before GC invocations=24 (full 0):
 garbage-first heap   total 786432K, used 596385K [0x00000006c1400000, 0x0000000800000000)
  region size 4096K, 115 young (471040K), 11 survivors (45056K)
 Metaspace       used 45839K, committed 46208K, reserved 1089536K
  class space    used 5921K, committed 6080K, reserved 1048576K
}

