# JRE version: OpenJDK Runtime Environment Temurin-17.0.5+8 (17.0.5+8) (build 17.0.5+8)
# Java VM: OpenJDK 64-Bit Server VM Temurin-17.0.5+8 (17.0.5+8, mixed mode, emulated-client, tiered, compressed oops, compressed class ptrs, g1 gc, windows-amd64)
GC Precious Log:
 CPUs: 12 total, 12 available
 Memory: 20391M
 Large Page Support: Disabled
 NUMA Support: Disabled
 Compressed Oops: Enabled (Zero based)
 Heap Region Size: 4M
 Heap Min Capacity: 8M
 Heap Initial Capacity: 320M
 Heap Max Capacity: 5100M
 Pre-touch: Disabled
 Parallel Workers: 10
 Concurrent Workers: 3
 Concurrent Refinement Workers: 10
 Periodic GC: Disabled
Heap:
 garbage-first heap   total 745472K, used 186048K [0x00000006c1400000, 0x0000000800000000)
  region size 4096K, 10 young (40960K), 10 survivors (40960K)
 Metaspace       used 51921K, committed 52416K, reserved 1097728K
  class space    used 6539K, committed 6784K, reserved 1048576K
GC Heap History (20 events):
Event: 3.321 GC heap after
{Heap after GC invocations=16 (full 0):
 garbage-first heap   total 172032K, used 71066K [0x00000006c1400000, 0x0000000800000000)
  region size 4096K, 1 young (4096K), 1 survivors (4096K)
 Metaspace       used 40334K, committed 40832K, reserved 1089536K
  class space    used 5164K, committed 5376K, reserved 1048576K
}
Event: 3.344 GC heap before
{Heap before GC invocations=16 (full 0):
 garbage-first heap   total 172032K, used 116122K [0x00000006c1400000, 0x0000000800000000)
  region size 4096K, 13 young (53248K), 1 survivors (4096K)
 Metaspace       used 40339K, committed 40832K, reserved 1089536K
  class space    used 5166K, committed 5376K, reserved 1048576K
}
Event: 3.347 GC heap after
{Heap after GC invocations=17 (full 0):
 garbage-first heap   total 172032K, used 72257K [0x00000006c1400000, 0x0000000800000000)
  region size 4096K, 2 young (8192K), 2 survivors (8192K)
 Metaspace       used 40339K, committed 40832K, reserved 1089536K
  class space    used 5166K, committed 5376K, reserved 1048576K
}
Event: 3.373 GC heap before
{Heap before GC invocations=17 (full 0):
 garbage-first heap   total 172032K, used 117313K [0x00000006c1400000, 0x0000000800000000)
  region size 4096K, 14 young (57344K), 2 survivors (8192K)
 Metaspace       used 40576K, committed 41024K, reserved 1089536K
  class space    used 5179K, committed 5376K, reserved 1048576K
}
Event: 3.378 GC heap after
{Heap after GC invocations=18 (full 0):
 garbage-first heap   total 344064K, used 74336K [0x00000006c1400000, 0x0000000800000000)
  region size 4096K, 2 young (8192K), 2 survivors (8192K)
 Metaspace       used 40576K, committed 41024K, reserved 1089536K
  class space    used 5179K, committed 5376K, reserved 1048576K
}
Event: 3.441 GC heap before
{Heap before GC invocations=18 (full 0):
 garbage-first heap   total 344064K, used 225888K [0x00000006c1400000, 0x0000000800000000)
  region size 4096K, 40 young (163840K), 2 survivors (8192K)
 Metaspace       used 41238K, committed 41728K, reserved 1089536K
  class space    used 5223K, committed 5440K, reserved 1048576K
}
Event: 3.446 GC heap after
{Heap after GC invocations=19 (full 0):
 garbage-first heap   total 344064K, used 80167K [0x00000006c1400000, 0x0000000800000000)
  region size 4096K, 3 young (12288K), 3 survivors (12288K)
 Metaspace       used 41238K, committed 41728K, reserved 1089536K
  class space    used 5223K, committed 5440K, reserved 1048576K
}
Event: 3.492 GC heap before
{Heap before GC invocations=19 (full 0):
 garbage-first heap   total 344064K, used 256295K [0x00000006c1400000, 0x0000000800000000)
  region size 4096K, 47 young (192512K), 3 survivors (12288K)
 Metaspace       used 41549K, committed 42048K, reserved 1089536K
  class space    used 5251K, committed 5504K, reserved 1048576K
}
Event: 3.500 GC heap after
{Heap after GC invocations=20 (full 0):
 garbage-first heap   total 344064K, used 87767K [0x00000006c1400000, 0x0000000800000000)
  region size 4096K, 5 young (20480K), 5 survivors (20480K)
 Metaspace       used 41549K, committed 42048K, reserved 1089536K
  class space    used 5251K, committed 5504K, reserved 1048576K
}
Event: 3.542 GC heap before
{Heap before GC invocations=20 (full 0):
 garbage-first heap   total 344064K, used 259799K [0x00000006c1400000, 0x0000000800000000)
  region size 4096K, 48 young (196608K), 5 survivors (20480K)
 Metaspace       used 41557K, committed 42048K, reserved 1089536K
  class space    used 5253K, committed 5504K, reserved 1048576K
}
Event: 3.553 GC heap after
{Heap after GC invocations=21 (full 0):
 garbage-first heap   total 344064K, used 95711K [0x00000006c1400000, 0x0000000800000000)
  region size 4096K, 4 young (16384K), 4 survivors (16384K)
 Metaspace       used 41557K, committed 42048K, reserved 1089536K
  class space    used 5253K, committed 5504K, reserved 1048576K
}
Event: 3.613 GC heap before
{Heap before GC invocations=21 (full 0):
 garbage-first heap   total 344064K, used 267743K [0x00000006c1400000, 0x0000000800000000)
  region size 4096K, 47 young (192512K), 4 survivors (16384K)
 Metaspace       used 41999K, committed 42496K, reserved 1089536K
  class space    used 5279K, committed 5504K, reserved 1048576K
}
Event: 3.622 GC heap after
{Heap after GC invocations=22 (full 0):
 garbage-first heap   total 745472K, used 102893K [0x00000006c1400000, 0x0000000800000000)
  region size 4096K, 4 young (16384K), 4 survivors (16384K)
 Metaspace       used 41999K, committed 42496K, reserved 1089536K
  class space    used 5279K, committed 5504K, reserved 1048576K
}
Event: 3.764 GC heap before
{Heap before GC invocations=22 (full 0):
 garbage-first heap   total 745472K, used 528877K [0x00000006c1400000, 0x0000000800000000)
  region size 4096K, 109 young (446464K), 4 survivors (16384K)
 Metaspace       used 42706K, committed 43136K, reserved 1089536K
  class space    used 5357K, committed 5568K, reserved 1048576K
}
Event: 3.775 GC heap after
{Heap after GC invocations=23 (full 0):
 garbage-first heap   total 745472K, used 119796K [0x00000006c1400000, 0x0000000800000000)
  region size 4096K, 8 young (32768K), 8 survivors (32768K)
 Metaspace       used 42706K, committed 43136K, reserved 1089536K
  class space    used 5357K, committed 5568K, reserved 1048576K
}
Event: 4.351 GC heap before
{Heap before GC invocations=23 (full 0):
 garbage-first heap   total 745472K, used 529396K [0x00000006c1400000, 0x0000000800000000)
  region size 4096K, 109 young (446464K), 8 survivors (32768K)
 Metaspace       used 50404K, committed 50816K, reserved 1097728K
  class space    used 6338K, committed 6528K, reserved 1048576K
}
Event: 4.369 GC heap after
{Heap after GC invocations=24 (full 0):
 garbage-first heap   total 745472K, used 148252K [0x00000006c1400000, 0x0000000800000000)
  region size 4096K, 14 young (57344K), 14 survivors (57344K)
 Metaspace       used 50404K, committed 50816K, reserved 1097728K
  class space    used 6338K, committed 6528K, reserved 1048576K
}
Event: 4.705 GC heap before
{Heap before GC invocations=24 (full 0):
 garbage-first heap   total 745472K, used 533276K [0x00000006c1400000, 0x0000000800000000)
  region size 4096K, 109 young (446464K), 14 survivors (57344K)
 Metaspace       used 51229K, committed 51712K, reserved 1097728K
  class space    used 6464K, committed 6720K, reserved 1048576K
}
Event: 4.726 GC heap after
{Heap after GC invocations=25 (full 0):
 garbage-first heap   total 745472K, used 167936K [0x00000006c1400000, 0x0000000800000000)
  region size 4096K, 12 young (49152K), 12 survivors (49152K)
 Metaspace       used 51229K, committed 51712K, reserved 1097728K
  class space    used 6464K, committed 6720K, reserved 1048576K
}
Event: 5.137 GC heap before
{Heap before GC invocations=25 (full 0):
 garbage-first heap   total 745472K, used 561152K [0x00000006c1400000, 0x0000000800000000)
  region size 4096K, 109 young (446464K), 12 survivors (49152K)
 Metaspace       used 51921K, committed 52416K, reserved 1097728K
  class space    used 6539K, committed 6784K, reserved 1048576K
}

