# JRE version: OpenJDK Runtime Environment Temurin-17.0.5+8 (17.0.5+8) (build 17.0.5+8)
# Java VM: OpenJDK 64-Bit Server VM Temurin-17.0.5+8 (17.0.5+8, mixed mode, emulated-client, tiered, compressed oops, compressed class ptrs, g1 gc, windows-amd64)
GC Precious Log:
 CPUs: 12 total, 12 available
 Memory: 20391M
 Large Page Support: Disabled
 NUMA Support: Disabled
 Compressed Oops: Enabled (Zero based)
 Heap Region Size: 4M
 Heap Min Capacity: 8M
 Heap Initial Capacity: 320M
 Heap Max Capacity: 5100M
 Pre-touch: Disabled
 Parallel Workers: 10
 Concurrent Workers: 3
 Concurrent Refinement Workers: 10
 Periodic GC: Disabled
Heap:
 garbage-first heap   total 565248K, used 136855K [0x00000006c1400000, 0x0000000800000000)
  region size 4096K, 9 young (36864K), 9 survivors (36864K)
 Metaspace       used 47832K, committed 48256K, reserved 1097728K
  class space    used 6004K, committed 6208K, reserved 1048576K
GC Heap History (20 events):
Event: 9.595 GC heap after
{Heap after GC invocations=13 (full 0):
 garbage-first heap   total 110592K, used 46895K [0x00000006c1400000, 0x0000000800000000)
  region size 4096K, 2 young (8192K), 2 survivors (8192K)
 Metaspace       used 38515K, committed 38912K, reserved 1089536K
  class space    used 4941K, committed 5120K, reserved 1048576K
}
Event: 9.739 GC heap before
{Heap before GC invocations=13 (full 0):
 garbage-first heap   total 110592K, used 75567K [0x00000006c1400000, 0x0000000800000000)
  region size 4096K, 9 young (36864K), 2 survivors (8192K)
 Metaspace       used 39563K, committed 40000K, reserved 1089536K
  class space    used 5055K, committed 5248K, reserved 1048576K
}
Event: 9.745 GC heap after
{Heap after GC invocations=14 (full 0):
 garbage-first heap   total 110592K, used 53056K [0x00000006c1400000, 0x0000000800000000)
  region size 4096K, 2 young (8192K), 2 survivors (8192K)
 Metaspace       used 39563K, committed 40000K, reserved 1089536K
  class space    used 5055K, committed 5248K, reserved 1048576K
}
Event: 9.814 GC heap before
{Heap before GC invocations=14 (full 0):
 garbage-first heap   total 110592K, used 77632K [0x00000006c1400000, 0x0000000800000000)
  region size 4096K, 8 young (32768K), 2 survivors (8192K)
 Metaspace       used 39847K, committed 40256K, reserved 1089536K
  class space    used 5113K, committed 5312K, reserved 1048576K
}
Event: 9.822 GC heap after
{Heap after GC invocations=15 (full 0):
 garbage-first heap   total 212992K, used 63917K [0x00000006c1400000, 0x0000000800000000)
  region size 4096K, 1 young (4096K), 1 survivors (4096K)
 Metaspace       used 39847K, committed 40256K, reserved 1089536K
  class space    used 5113K, committed 5312K, reserved 1048576K
}
Event: 9.874 GC heap before
{Heap before GC invocations=15 (full 0):
 garbage-first heap   total 212992K, used 125357K [0x00000006c1400000, 0x0000000800000000)
  region size 4096K, 17 young (69632K), 1 survivors (4096K)
 Metaspace       used 40389K, committed 40768K, reserved 1089536K
  class space    used 5152K, committed 5312K, reserved 1048576K
}
Event: 9.887 GC heap after
{Heap after GC invocations=16 (full 0):
 garbage-first heap   total 212992K, used 70162K [0x00000006c1400000, 0x0000000800000000)
  region size 4096K, 3 young (12288K), 3 survivors (12288K)
 Metaspace       used 40389K, committed 40768K, reserved 1089536K
  class space    used 5152K, committed 5312K, reserved 1048576K
}
Event: 9.910 GC heap before
{Heap before GC invocations=16 (full 0):
 garbage-first heap   total 212992K, used 131602K [0x00000006c1400000, 0x0000000800000000)
  region size 4096K, 19 young (77824K), 3 survivors (12288K)
 Metaspace       used 40499K, committed 40832K, reserved 1089536K
  class space    used 5162K, committed 5312K, reserved 1048576K
}
Event: 9.921 GC heap after
{Heap after GC invocations=17 (full 0):
 garbage-first heap   total 212992K, used 73016K [0x00000006c1400000, 0x0000000800000000)
  region size 4096K, 3 young (12288K), 3 survivors (12288K)
 Metaspace       used 40499K, committed 40832K, reserved 1089536K
  class space    used 5162K, committed 5312K, reserved 1048576K
}
Event: 9.945 GC heap before
{Heap before GC invocations=17 (full 0):
 garbage-first heap   total 212992K, used 134456K [0x00000006c1400000, 0x0000000800000000)
  region size 4096K, 19 young (77824K), 3 survivors (12288K)
 Metaspace       used 40801K, committed 41152K, reserved 1089536K
  class space    used 5163K, committed 5312K, reserved 1048576K
}
Event: 9.955 GC heap after
{Heap after GC invocations=18 (full 0):
 garbage-first heap   total 212992K, used 76192K [0x00000006c1400000, 0x0000000800000000)
  region size 4096K, 2 young (8192K), 2 survivors (8192K)
 Metaspace       used 40801K, committed 41152K, reserved 1089536K
  class space    used 5163K, committed 5312K, reserved 1048576K
}
Event: 9.981 GC heap before
{Heap before GC invocations=18 (full 0):
 garbage-first heap   total 212992K, used 141728K [0x00000006c1400000, 0x0000000800000000)
  region size 4096K, 19 young (77824K), 2 survivors (8192K)
 Metaspace       used 41022K, committed 41408K, reserved 1089536K
  class space    used 5177K, committed 5376K, reserved 1048576K
}
Event: 9.987 GC heap after
{Heap after GC invocations=19 (full 0):
 garbage-first heap   total 565248K, used 78674K [0x00000006c1400000, 0x0000000800000000)
  region size 4096K, 3 young (12288K), 3 survivors (12288K)
 Metaspace       used 41022K, committed 41408K, reserved 1089536K
  class space    used 5177K, committed 5376K, reserved 1048576K
}
Event: 10.171 GC heap before
{Heap before GC invocations=19 (full 0):
 garbage-first heap   total 565248K, used 398162K [0x00000006c1400000, 0x0000000800000000)
  region size 4096K, 82 young (335872K), 3 survivors (12288K)
 Metaspace       used 42649K, committed 43136K, reserved 1089536K
  class space    used 5350K, committed 5568K, reserved 1048576K
}
Event: 10.183 GC heap after
{Heap after GC invocations=20 (full 0):
 garbage-first heap   total 565248K, used 90892K [0x00000006c1400000, 0x0000000800000000)
  region size 4096K, 6 young (24576K), 6 survivors (24576K)
 Metaspace       used 42649K, committed 43136K, reserved 1089536K
  class space    used 5350K, committed 5568K, reserved 1048576K
}
Event: 10.365 GC heap before
{Heap before GC invocations=20 (full 0):
 garbage-first heap   total 565248K, used 398092K [0x00000006c1400000, 0x0000000800000000)
  region size 4096K, 82 young (335872K), 6 survivors (24576K)
 Metaspace       used 44694K, committed 45120K, reserved 1089536K
  class space    used 5612K, committed 5824K, reserved 1048576K
}
Event: 10.379 GC heap after
{Heap after GC invocations=21 (full 0):
 garbage-first heap   total 565248K, used 104145K [0x00000006c1400000, 0x0000000800000000)
  region size 4096K, 9 young (36864K), 9 survivors (36864K)
 Metaspace       used 44694K, committed 45120K, reserved 1089536K
  class space    used 5612K, committed 5824K, reserved 1048576K
}
Event: 10.572 GC heap before
{Heap before GC invocations=21 (full 0):
 garbage-first heap   total 565248K, used 399057K [0x00000006c1400000, 0x0000000800000000)
  region size 4096K, 82 young (335872K), 9 survivors (36864K)
 Metaspace       used 46983K, committed 47360K, reserved 1097728K
  class space    used 5911K, committed 6080K, reserved 1048576K
}
Event: 10.589 GC heap after
{Heap after GC invocations=22 (full 0):
 garbage-first heap   total 565248K, used 117458K [0x00000006c1400000, 0x0000000800000000)
  region size 4096K, 7 young (28672K), 7 survivors (28672K)
 Metaspace       used 46983K, committed 47360K, reserved 1097728K
  class space    used 5911K, committed 6080K, reserved 1048576K
}
Event: 10.727 GC heap before
{Heap before GC invocations=22 (full 0):
 garbage-first heap   total 565248K, used 420562K [0x00000006c1400000, 0x0000000800000000)
  region size 4096K, 82 young (335872K), 7 survivors (28672K)
 Metaspace       used 47832K, committed 48256K, reserved 1097728K
  class space    used 6004K, committed 6208K, reserved 1048576K
}

